Arguments: 
  C:\Program Files\nodejs\node.exe C:\Users\benoi\AppData\Roaming\npm\node_modules\yarn\bin\yarn.js

PATH: 
  C:\Windows\system32;C:\Windows;C:\Windows\System32\Wbem;C:\Windows\System32\WindowsPowerShell\v1.0;C:\Program Files (x86)\NVIDIA Corporation\PhysX\Common;C:\Program Files\Git\cmd;C:\Program Files\Git\mingw64\bin;C:\Program Files\Git\usr\bin;C:\Program Files\nodejs;C:\Users\benoi\AppData\Local\Microsoft\WindowsApps;C:\Program Files\Microsoft VS Code\bin;C:\Users\benoi\AppData\Roaming\npm

Yarn version: 
  1.5.1

Node version: 
  8.11.1

Platform: 
  win32 x64

npm manifest: 
  {
      "name": "chlg-dropdown",
      "author": "Benoit Chevalier",
      "description": "A flexible dropdown",
      "version": "1.0.0",
      "extName": null,
      "repository": {
        "type": "git",
        "url": "https://github.com/benoitjchevalier/chlg-dropdown.git"
      },
      "devDependencies": {
        "gulp": "^3.9.1",
        "gulp-cssmin": "^0.1.7",
        "gulp-sass": "^2.3.2",
        "gulp-style-modules": "^0.1.0",
        "polymer-cli": "^1.5.7"
      },
      "license": "BSD-3-Clause"
    }

yarn manifest: 
  No manifest

Lockfile: 
  No lockfile

Trace: 
  Error: E:\src\chlg-dropdown\node_modules\node-sass: Command failed.
  Exit code: 1
  Command: C:\Windows\system32\cmd.exe
  Arguments: /d /s /c node scripts/build.js
  Directory: E:\src\chlg-dropdown\node_modules\node-sass
  Output:
  Building: C:\Program Files\nodejs\node.exe E:\src\chlg-dropdown\node_modules\node-gyp\bin\node-gyp.js rebuild --verbose --libsass_ext= --libsass_cflags= --libsass_ldflags= --libsass_library=
  gyp info it worked if it ends with ok
  gyp verb cli [ 'C:\\Program Files\\nodejs\\node.exe',
  gyp verb cli   'E:\\src\\chlg-dropdown\\node_modules\\node-gyp\\bin\\node-gyp.js',
  gyp verb cli   'rebuild',
  gyp verb cli   '--verbose',
  gyp verb cli   '--libsass_ext=',
  gyp verb cli   '--libsass_cflags=',
  gyp verb cli   '--libsass_ldflags=',
  gyp verb cli   '--libsass_library=' ]
  gyp info using node-gyp@3.6.2
  gyp info using node@8.11.1 | win32 | x64
  gyp verb command rebuild []
  gyp verb command clean []
  gyp verb clean removing "build" directory
  gyp verb command configure []
  gyp verb check python checking for Python executable "python2" in the PATH
  gyp verb `which` failed Error: not found: python2
  gyp verb `which` failed     at getNotFoundError (E:\src\chlg-dropdown\node_modules\which\which.js:13:12)
  gyp verb `which` failed     at F (E:\src\chlg-dropdown\node_modules\which\which.js:68:19)
  gyp verb `which` failed     at E (E:\src\chlg-dropdown\node_modules\which\which.js:80:29)
  gyp verb `which` failed     at E:\src\chlg-dropdown\node_modules\which\which.js:89:16
  gyp verb `which` failed     at E:\src\chlg-dropdown\node_modules\isexe\index.js:42:5
  gyp verb `which` failed     at E:\src\chlg-dropdown\node_modules\isexe\windows.js:36:5
  gyp verb `which` failed     at FSReqWrap.oncomplete (fs.js:152:21)
  gyp verb `which` failed  python2 { Error: not found: python2
  gyp verb `which` failed     at getNotFoundError (E:\src\chlg-dropdown\node_modules\which\which.js:13:12)
  gyp verb `which` failed     at F (E:\src\chlg-dropdown\node_modules\which\which.js:68:19)
  gyp verb `which` failed     at E (E:\src\chlg-dropdown\node_modules\which\which.js:80:29)
  gyp verb `which` failed     at E:\src\chlg-dropdown\node_modules\which\which.js:89:16
  gyp verb `which` failed     at E:\src\chlg-dropdown\node_modules\isexe\index.js:42:5
  gyp verb `which` failed     at E:\src\chlg-dropdown\node_modules\isexe\windows.js:36:5
  gyp verb `which` failed     at FSReqWrap.oncomplete (fs.js:152:21)
  gyp verb `which` failed   stack: 'Error: not found: python2\n    at getNotFoundError (E:\\src\\chlg-dropdown\\node_modules\\which\\which.js:13:12)\n    at F (E:\\src\\chlg-dropdown\\node_modules\\which\\which.js:68:19)\n    at E (E:\\src\\chlg-dropdown\\node_modules\\which\\which.js:80:29)\n    at E:\\src\\chlg-dropdown\\node_modules\\which\\which.js:89:16\n    at E:\\src\\chlg-dropdown\\node_modules\\isexe\\index.js:42:5\n    at E:\\src\\chlg-dropdown\\node_modules\\isexe\\windows.js:36:5\n    at FSReqWrap.oncomplete (fs.js:152:21)',
  gyp verb `which` failed   code: 'ENOENT' }
  gyp verb check python checking for Python executable "python" in the PATH
  gyp verb `which` failed Error: not found: python
  gyp verb `which` failed     at getNotFoundError (E:\src\chlg-dropdown\node_modules\which\which.js:13:12)
  gyp verb `which` failed     at F (E:\src\chlg-dropdown\node_modules\which\which.js:68:19)
  gyp verb `which` failed     at E (E:\src\chlg-dropdown\node_modules\which\which.js:80:29)
  gyp verb `which` failed     at E:\src\chlg-dropdown\node_modules\which\which.js:89:16
  gyp verb `which` failed     at E:\src\chlg-dropdown\node_modules\isexe\index.js:42:5
  gyp verb `which` failed     at E:\src\chlg-dropdown\node_modules\isexe\windows.js:36:5
  gyp verb `which` failed     at FSReqWrap.oncomplete (fs.js:152:21)
  gyp verb `which` failed  python { Error: not found: python
  gyp verb `which` failed     at getNotFoundError (E:\src\chlg-dropdown\node_modules\which\which.js:13:12)
  gyp verb `which` failed     at F (E:\src\chlg-dropdown\node_modules\which\which.js:68:19)
  gyp verb `which` failed     at E (E:\src\chlg-dropdown\node_modules\which\which.js:80:29)
  gyp verb `which` failed     at E:\src\chlg-dropdown\node_modules\which\which.js:89:16
  gyp verb `which` failed     at E:\src\chlg-dropdown\node_modules\isexe\index.js:42:5
  gyp verb `which` failed     at E:\src\chlg-dropdown\node_modules\isexe\windows.js:36:5
  gyp verb `which` failed     at FSReqWrap.oncomplete (fs.js:152:21)
  gyp verb `which` failed   stack: 'Error: not found: python\n    at getNotFoundError (E:\\src\\chlg-dropdown\\node_modules\\which\\which.js:13:12)\n    at F (E:\\src\\chlg-dropdown\\node_modules\\which\\which.js:68:19)\n    at E (E:\\src\\chlg-dropdown\\node_modules\\which\\which.js:80:29)\n    at E:\\src\\chlg-dropdown\\node_modules\\which\\which.js:89:16\n    at E:\\src\\chlg-dropdown\\node_modules\\isexe\\index.js:42:5\n    at E:\\src\\chlg-dropdown\\node_modules\\isexe\\windows.js:36:5\n    at FSReqWrap.oncomplete (fs.js:152:21)',
  gyp verb `which` failed   code: 'ENOENT' }
  gyp verb could not find "python". checking python launcher 
  gyp verb check python launcher python executable found: "C:\\Users\\benoi\\.windows-build-tools\\python27\\python.exe"
  gyp verb check python version `C:\Users\benoi\.windows-build-tools\python27\python.exe -c "import platform; print(platform.python_version());"` returned: "2.7.14\r\n"
  gyp verb get node dir no --target version specified, falling back to host node version: 8.11.1
  gyp verb command install [ '8.11.1' ]
  gyp verb install input version string "8.11.1"
  gyp verb install installing version: 8.11.1
  gyp verb install --ensure was passed, so won't reinstall if already installed
  gyp verb install version is already installed, need to check "installVersion"
  gyp verb got "installVersion" 9
  gyp verb needs "installVersion" 9
  gyp verb install version is good
  gyp verb get node dir target node version installed: 8.11.1
  gyp verb build dir attempting to create "build" dir: E:\src\chlg-dropdown\node_modules\node-sass\build
  gyp verb build dir "build" dir needed to be created? E:\src\chlg-dropdown\node_modules\node-sass\build
  gyp verb Not using VS2017: Could not use PowerShell to find VS2017
  gyp verb build/config.gypi creating config file
  gyp verb build/config.gypi writing out config file: E:\src\chlg-dropdown\node_modules\node-sass\build\config.gypi
  gyp verb config.gypi checking for gypi file: E:\src\chlg-dropdown\node_modules\node-sass\config.gypi
  gyp verb common.gypi checking for gypi file: E:\src\chlg-dropdown\node_modules\node-sass\common.gypi
  gyp verb gyp gyp format was not specified; forcing "msvs"
  gyp info spawn C:\Users\benoi\.windows-build-tools\python27\python.exe
  gyp info spawn args [ 'E:\\src\\chlg-dropdown\\node_modules\\node-gyp\\gyp\\gyp_main.py',
  gyp info spawn args   'binding.gyp',
  gyp info spawn args   '-f',
  gyp info spawn args   'msvs',
  gyp info spawn args   '-G',
  gyp info spawn args   'msvs_version=auto',
  gyp info spawn args   '-I',
  gyp info spawn args   'E:\\src\\chlg-dropdown\\node_modules\\node-sass\\build\\config.gypi',
  gyp info spawn args   '-I',
  gyp info spawn args   'E:\\src\\chlg-dropdown\\node_modules\\node-gyp\\addon.gypi',
  gyp info spawn args   '-I',
  gyp info spawn args   'C:\\Users\\benoi\\.node-gyp\\8.11.1\\include\\node\\common.gypi',
  gyp info spawn args   '-Dlibrary=shared_library',
  gyp info spawn args   '-Dvisibility=default',
  gyp info spawn args   '-Dnode_root_dir=C:\\Users\\benoi\\.node-gyp\\8.11.1',
  gyp info spawn args   '-Dnode_gyp_dir=E:\\src\\chlg-dropdown\\node_modules\\node-gyp',
  gyp info spawn args   '-Dnode_lib_file=C:\\Users\\benoi\\.node-gyp\\8.11.1\\<(target_arch)\\node.lib',
  gyp info spawn args   '-Dmodule_root_dir=E:\\src\\chlg-dropdown\\node_modules\\node-sass',
  gyp info spawn args   '-Dnode_engine=v8',
  gyp info spawn args   '--depth=.',
  gyp info spawn args   '--no-parallel',
  gyp info spawn args   '--generator-output',
  gyp info spawn args   'E:\\src\\chlg-dropdown\\node_modules\\node-sass\\build',
  gyp info spawn args   '-Goutput_dir=.' ]
  gyp verb command build []
  gyp verb build type Release
  gyp verb architecture x64
  gyp verb node dev dir C:\Users\benoi\.node-gyp\8.11.1
  gyp verb found first Solution file build/binding.sln
  gyp verb could not find "msbuild.exe" in PATH - finding location in registry 
  gyp info spawn C:\Program Files (x86)\MSBuild\14.0\bin\msbuild.exe
  gyp info spawn args [ 'build/binding.sln',
  gyp info spawn args   '/nologo',
  gyp info spawn args   '/p:Configuration=Release;Platform=x64' ]
  Building the projects in this solution one at a time. To enable parallel build, please add the "/m" switch.
  Build started 4/14/2018 11:16:08 AM.
  Project "E:\src\chlg-dropdown\node_modules\node-sass\build\binding.sln" on node 1 (default targets).
  ValidateSolutionConfiguration:
    Building solution configuration "Release|x64".
  MSBUILD : error MSB3428: Could not load the Visual C++ component "VCBuild.exe". To fix this, 1) install the .NET Framework 2.0 SDK, 2) install Microsoft Visual Studio 2005 or 3) add the location of the component to the system path if it is installed elsewhere.  [E:\src\chlg-dropdown\node_modules\node-sass\build\binding.sln]
  Done Building Project "E:\src\chlg-dropdown\node_modules\node-sass\build\binding.sln" (default targets) -- FAILED.
  
  Build FAILED.
  
  "E:\src\chlg-dropdown\node_modules\node-sass\build\binding.sln" (default target) (1) ->
  (libsass target) -> 
    MSBUILD : error MSB3428: Could not load the Visual C++ component "VCBuild.exe". To fix this, 1) install the .NET Framework 2.0 SDK, 2) install Microsoft Visual Studio 2005 or 3) add the location of the component to the system path if it is installed elsewhere.  [E:\src\chlg-dropdown\node_modules\node-sass\build\binding.sln]
  
      0 Warning(s)
      1 Error(s)
  
  Time Elapsed 00:00:00.55
  gyp ERR! build error 
  gyp ERR! stack Error: `C:\Program Files (x86)\MSBuild\14.0\bin\msbuild.exe` failed with exit code: 1
  gyp ERR! stack     at ChildProcess.onExit (E:\src\chlg-dropdown\node_modules\node-gyp\lib\build.js:258:23)
  gyp ERR! stack     at emitTwo (events.js:126:13)
  gyp ERR! stack     at ChildProcess.emit (events.js:214:7)
  gyp ERR! stack     at Process.ChildProcess._handle.onexit (internal/child_process.js:198:12)
  gyp ERR! System Windows_NT 10.0.16299
  gyp ERR! command "C:\\Program Files\\nodejs\\node.exe" "E:\\src\\chlg-dropdown\\node_modules\\node-gyp\\bin\\node-gyp.js" "rebuild" "--verbose" "--libsass_ext=" "--libsass_cflags=" "--libsass_ldflags=" "--libsass_library="
  gyp ERR! cwd E:\src\chlg-dropdown\node_modules\node-sass
  gyp ERR! node -v v8.11.1
  gyp ERR! node-gyp -v v3.6.2
  gyp ERR! not ok 
  Build failed with error code: 1
      at ProcessTermError.MessageError (C:\Users\benoi\AppData\Roaming\npm\node_modules\yarn\lib\cli.js:186:110)
      at new ProcessTermError (C:\Users\benoi\AppData\Roaming\npm\node_modules\yarn\lib\cli.js:226:113)
      at ChildProcess.<anonymous> (C:\Users\benoi\AppData\Roaming\npm\node_modules\yarn\lib\cli.js:30281:17)
      at emitTwo (events.js:126:13)
      at ChildProcess.emit (events.js:214:7)
      at maybeClose (internal/child_process.js:925:16)
      at Process.ChildProcess._handle.onexit (internal/child_process.js:209:5)
